Using pre-set license
Built from '2021.1/staging' branch; Version is '2021.1.3f1 (4bef613afd59) revision 4976481'; Using compiler version '192528614'; Build Type 'Release'
OS: 'Windows 10 Home; OS build 19042.1165; Version 2009; 64bit' Language: 'ru' Physical Memory: 8000 MB
BatchMode: 1, IsHumanControllingUs: 0, StartBugReporterOnCrash: 0, Is64bit: 1, IsPro: 0

 COMMAND LINE ARGUMENTS:
C:\Program Files\Unity\Hub\Editor\2020.1.13f1\Editor\2021.1.3f1\Editor\Unity.exe
-adb2
-batchMode
-noUpm
-name
AssetImportWorker3
-projectPath
C:/Users/germa/Desktop/Games/SpaceHero-main/SpazeHero
-logFile
Logs/AssetImportWorker3.log
-srvPort
52842
Successfully changed project path to: C:/Users/germa/Desktop/Games/SpaceHero-main/SpazeHero
C:/Users/germa/Desktop/Games/SpaceHero-main/SpazeHero
Using Asset Import Pipeline V2.
Refreshing native plugins compatible for Editor in 176.76 ms, found 1 plugins.
Preloading 0 native plugins for Editor in 0.00 ms.
Initialize engine version: 2021.1.3f1 (4bef613afd59)
[Subsystems] Discovering subsystems at path C:/Program Files/Unity/Hub/Editor/2020.1.13f1/Editor/2021.1.3f1/Editor/Data/Resources/UnitySubsystems
[Subsystems] Discovering subsystems at path C:/Users/germa/Desktop/Games/SpaceHero-main/SpazeHero/Assets
GfxDevice: creating device client; threaded=0; jobified=0
Direct3D:
    Version:  Direct3D 11.0 [level 11.1]
    Renderer: NVIDIA GeForce GTX 1650 (ID=0x1f91)
    Vendor:   NVIDIA
    VRAM:     3962 MB
    Driver:   30.0.14.9676
Initialize mono
Mono path[0] = 'C:/Program Files/Unity/Hub/Editor/2020.1.13f1/Editor/2021.1.3f1/Editor/Data/Managed'
Mono path[1] = 'C:/Program Files/Unity/Hub/Editor/2020.1.13f1/Editor/2021.1.3f1/Editor/Data/MonoBleedingEdge/lib/mono/unityjit'
Mono config path = 'C:/Program Files/Unity/Hub/Editor/2020.1.13f1/Editor/2021.1.3f1/Editor/Data/MonoBleedingEdge/etc'
Using monoOptions --debugger-agent=transport=dt_socket,embedding=1,server=y,suspend=n,address=127.0.0.1:56968
Begin MonoManager ReloadAssembly
Registering precompiled unity dll's ...
Register platform support module: C:/Program Files/Unity/Hub/Editor/2020.1.13f1/Editor/2021.1.3f1/Editor/Data/PlaybackEngines/WebGLSupport/UnityEditor.WebGL.Extensions.dll
Register platform support module: C:/Program Files/Unity/Hub/Editor/2020.1.13f1/Editor/2021.1.3f1/Editor/Data/PlaybackEngines/WindowsStandaloneSupport/UnityEditor.WindowsStandalone.Extensions.dll
Registered in 0.004165 seconds.
Native extension for WindowsStandalone target not found
Native extension for WebGL target not found
Refreshing native plugins compatible for Editor in 161.45 ms, found 1 plugins.
Preloading 0 native plugins for Editor in 0.00 ms.
Mono: successfully reloaded assembly
- Completed reload, in  9.338 seconds
Platform modules already initialized, skipping
Registering precompiled user dll's ...
Registered in 0.009433 seconds.
Begin MonoManager ReloadAssembly
Native extension for WindowsStandalone target not found
Native extension for WebGL target not found
Refreshing native plugins compatible for Editor in 183.34 ms, found 1 plugins.
Preloading 0 native plugins for Editor in 0.00 ms.
Mono: successfully reloaded assembly
- Completed reload, in  1.848 seconds
Platform modules already initialized, skipping
========================================================================
Worker process is ready to serve import requests
Shader 'Universal Render Pipeline/Particles/Lit': fallback shader 'Universal Render Pipeline/Particles/SimpleLit' not found
Shader 'Universal Render Pipeline/Particles/Lit': fallback shader 'Universal Render Pipeline/Particles/SimpleLit' not found
Launched and connected shader compiler UnityShaderCompiler.exe after 0.08 seconds
Refreshing native plugins compatible for Editor in 2.31 ms, found 1 plugins.
Preloading 0 native plugins for Editor in 0.00 ms.
Unloading 4915 Unused Serialized files (Serialized files now loaded: 0)
System memory in use before: 201.0 MB.
System memory in use after: 198.7 MB.

Unloading 52 unused Assets to reduce memory usage. Loaded Objects now: 5358.
Total: 7.563300 ms (FindLiveObjects: 0.827500 ms CreateObjectMapping: 0.535500 ms MarkObjects: 4.584200 ms  DeleteObjects: 1.613200 ms)

========================================================================
Received Import Request.
  path: Assets/Client/Prefabs/EnemyShip.prefab
  artifactKey: Guid(6ff8ee8223eb15a4f817e6cd5f7bab68) Importer(815301076,1909f56bfc062723c751e8b465ee728b)
Start importing Assets/Client/Prefabs/EnemyShip.prefab using Guid(6ff8ee8223eb15a4f817e6cd5f7bab68) Importer(815301076,1909f56bfc062723c751e8b465ee728b)  -> (artifact id: '1ea088499a7c7687935b600a0ede8ab3') in 0.356195 seconds 
========================================================================
Received Prepare
Shader 'Universal Render Pipeline/Particles/Lit': fallback shader 'Universal Render Pipeline/Particles/SimpleLit' not found
Shader 'Universal Render Pipeline/Particles/Lit': fallback shader 'Universal Render Pipeline/Particles/SimpleLit' not found
Refreshing native plugins compatible for Editor in 4.87 ms, found 1 plugins.
Preloading 0 native plugins for Editor in 0.00 ms.
Unloading 43 Unused Serialized files (Serialized files now loaded: 0)
System memory in use before: 106.2 MB.
System memory in use after: 104.1 MB.

Unloading 43 unused Assets to reduce memory usage. Loaded Objects now: 5429.
Total: 7.113400 ms (FindLiveObjects: 0.537600 ms CreateObjectMapping: 0.211700 ms MarkObjects: 4.881700 ms  DeleteObjects: 1.480000 ms)

========================================================================
Received Prepare
Registering precompiled user dll's ...
Registered in 0.009688 seconds.
Begin MonoManager ReloadAssembly
Native extension for WindowsStandalone target not found
Native extension for WebGL target not found
Refreshing native plugins compatible for Editor in 0.99 ms, found 1 plugins.
Preloading 0 native plugins for Editor in 0.00 ms.
Mono: successfully reloaded assembly
- Completed reload, in  1.541 seconds
Platform modules already initialized, skipping
Shader 'Universal Render Pipeline/Particles/Lit': fallback shader 'Universal Render Pipeline/Particles/SimpleLit' not found
Shader 'Universal Render Pipeline/Particles/Lit': fallback shader 'Universal Render Pipeline/Particles/SimpleLit' not found
Refreshing native plugins compatible for Editor in 0.96 ms, found 1 plugins.
Preloading 0 native plugins for Editor in 0.00 ms.
Unloading 4818 Unused Serialized files (Serialized files now loaded: 0)
System memory in use before: 201.8 MB.
System memory in use after: 199.5 MB.

Unloading 45 unused Assets to reduce memory usage. Loaded Objects now: 5406.
Total: 6.072500 ms (FindLiveObjects: 0.534500 ms CreateObjectMapping: 0.217700 ms MarkObjects: 3.849700 ms  DeleteObjects: 1.468900 ms)

========================================================================
Received Import Request.
  Time since last request: 199.902676 seconds.
  path: Assets/Client/Prefabs/EnemyShip.prefab
  artifactKey: Guid(6ff8ee8223eb15a4f817e6cd5f7bab68) Importer(815301076,1909f56bfc062723c751e8b465ee728b)
Start importing Assets/Client/Prefabs/EnemyShip.prefab using Guid(6ff8ee8223eb15a4f817e6cd5f7bab68) Importer(815301076,1909f56bfc062723c751e8b465ee728b)  -> (artifact id: '0e2a7fb862a9760fad178a9f59021985') in 0.236939 seconds 
========================================================================
Received Import Request.
  Time since last request: 63.978881 seconds.
  path: Assets/Client/Prefabs/EnemyShip.prefab
  artifactKey: Guid(6ff8ee8223eb15a4f817e6cd5f7bab68) Importer(815301076,1909f56bfc062723c751e8b465ee728b)
Start importing Assets/Client/Prefabs/EnemyShip.prefab using Guid(6ff8ee8223eb15a4f817e6cd5f7bab68) Importer(815301076,1909f56bfc062723c751e8b465ee728b)  -> (artifact id: 'e5e67e1540e1a94979be9b78d733cc45') in 0.015475 seconds 
========================================================================
Received Import Request.
  Time since last request: 11.116310 seconds.
  path: Assets/Client/Prefabs/EnemyShip.prefab
  artifactKey: Guid(6ff8ee8223eb15a4f817e6cd5f7bab68) Importer(815301076,1909f56bfc062723c751e8b465ee728b)
Start importing Assets/Client/Prefabs/EnemyShip.prefab using Guid(6ff8ee8223eb15a4f817e6cd5f7bab68) Importer(815301076,1909f56bfc062723c751e8b465ee728b)  -> (artifact id: 'e7147f4efabd073d61721c5d2a7a12c5') in 0.015640 seconds 
========================================================================
Received Import Request.
  Time since last request: 3.366369 seconds.
  path: Assets/Client/Prefabs/EnemyShip.prefab
  artifactKey: Guid(6ff8ee8223eb15a4f817e6cd5f7bab68) Importer(815301076,1909f56bfc062723c751e8b465ee728b)
Start importing Assets/Client/Prefabs/EnemyShip.prefab using Guid(6ff8ee8223eb15a4f817e6cd5f7bab68) Importer(815301076,1909f56bfc062723c751e8b465ee728b)  -> (artifact id: '4dcb3a1955496b206a35c7f4261fdaef') in 0.015130 seconds 
========================================================================
Received Import Request.
  Time since last request: 2.514959 seconds.
  path: Assets/Client/Prefabs/EnemyShip.prefab
  artifactKey: Guid(6ff8ee8223eb15a4f817e6cd5f7bab68) Importer(815301076,1909f56bfc062723c751e8b465ee728b)
Start importing Assets/Client/Prefabs/EnemyShip.prefab using Guid(6ff8ee8223eb15a4f817e6cd5f7bab68) Importer(815301076,1909f56bfc062723c751e8b465ee728b)  -> (artifact id: 'd81593804d384261a9c6a7109cee6b9b') in 0.015527 seconds 
========================================================================
Received Import Request.
  Time since last request: 10.247402 seconds.
  path: Assets/Client/Prefabs/EnemyShip.prefab
  artifactKey: Guid(6ff8ee8223eb15a4f817e6cd5f7bab68) Importer(815301076,1909f56bfc062723c751e8b465ee728b)
Start importing Assets/Client/Prefabs/EnemyShip.prefab using Guid(6ff8ee8223eb15a4f817e6cd5f7bab68) Importer(815301076,1909f56bfc062723c751e8b465ee728b)  -> (artifact id: '4fd97a7d0bf9617d6a6335d00b3f75c8') in 0.016790 seconds 
========================================================================
Received Import Request.
  Time since last request: 1.656497 seconds.
  path: Assets/Client/Prefabs/EnemyShip.prefab
  artifactKey: Guid(6ff8ee8223eb15a4f817e6cd5f7bab68) Importer(815301076,1909f56bfc062723c751e8b465ee728b)
Start importing Assets/Client/Prefabs/EnemyShip.prefab using Guid(6ff8ee8223eb15a4f817e6cd5f7bab68) Importer(815301076,1909f56bfc062723c751e8b465ee728b)  -> (artifact id: '014cbb0c7fd2a78b5838769d177ec1bb') in 0.013514 seconds 
========================================================================
Received Prepare
Registering precompiled user dll's ...
Registered in 0.008457 seconds.
Begin MonoManager ReloadAssembly
Native extension for WindowsStandalone target not found
Native extension for WebGL target not found
Refreshing native plugins compatible for Editor in 1.03 ms, found 1 plugins.
Preloading 0 native plugins for Editor in 0.00 ms.
Mono: successfully reloaded assembly
- Completed reload, in  1.515 seconds
Platform modules already initialized, skipping
Shader 'Universal Render Pipeline/Particles/Lit': fallback shader 'Universal Render Pipeline/Particles/SimpleLit' not found
Shader 'Universal Render Pipeline/Particles/Lit': fallback shader 'Universal Render Pipeline/Particles/SimpleLit' not found
Refreshing native plugins compatible for Editor in 1.01 ms, found 1 plugins.
Preloading 0 native plugins for Editor in 0.00 ms.
Unloading 4818 Unused Serialized files (Serialized files now loaded: 0)
System memory in use before: 202.2 MB.
System memory in use after: 200.1 MB.

Unloading 45 unused Assets to reduce memory usage. Loaded Objects now: 5445.
Total: 7.212900 ms (FindLiveObjects: 0.676100 ms CreateObjectMapping: 0.399300 ms MarkObjects: 4.359700 ms  DeleteObjects: 1.775100 ms)

========================================================================
Received Import Request.
  Time since last request: 66.476307 seconds.
  path: ProjectSettings/TagManager.asset
  artifactKey: Guid(00000000000000003000000000000000) Importer(815301076,1909f56bfc062723c751e8b465ee728b)
Start importing ProjectSettings/TagManager.asset using Guid(00000000000000003000000000000000) Importer(815301076,1909f56bfc062723c751e8b465ee728b)  -> (artifact id: '8095f8d28d5d3dcbb2f101de1b3315bd') in 0.033121 seconds 
========================================================================
Received Import Request.
  Time since last request: 3.194301 seconds.
  path: ProjectSettings/TagManager.asset
  artifactKey: Guid(00000000000000003000000000000000) Importer(815301076,1909f56bfc062723c751e8b465ee728b)
Start importing ProjectSettings/TagManager.asset using Guid(00000000000000003000000000000000) Importer(815301076,1909f56bfc062723c751e8b465ee728b)  -> (artifact id: 'cfb9edcdebf5df40d1446b46fe7cc4d0') in 0.005184 seconds 
========================================================================
Received Prepare
Registering precompiled user dll's ...
Registered in 0.008761 seconds.
Begin MonoManager ReloadAssembly
Native extension for WindowsStandalone target not found
Native extension for WebGL target not found
Refreshing native plugins compatible for Editor in 1.05 ms, found 1 plugins.
Preloading 0 native plugins for Editor in 0.00 ms.
Mono: successfully reloaded assembly
- Completed reload, in  1.611 seconds
Platform modules already initialized, skipping
Shader 'Universal Render Pipeline/Particles/Lit': fallback shader 'Universal Render Pipeline/Particles/SimpleLit' not found
Shader 'Universal Render Pipeline/Particles/Lit': fallback shader 'Universal Render Pipeline/Particles/SimpleLit' not found
Refreshing native plugins compatible for Editor in 1.00 ms, found 1 plugins.
Preloading 0 native plugins for Editor in 0.00 ms.
Unloading 4818 Unused Serialized files (Serialized files now loaded: 0)
System memory in use before: 202.2 MB.
System memory in use after: 200.0 MB.

Unloading 47 unused Assets to reduce memory usage. Loaded Objects now: 5448.
Total: 8.574700 ms (FindLiveObjects: 0.842700 ms CreateObjectMapping: 0.778100 ms MarkObjects: 5.023700 ms  DeleteObjects: 1.927700 ms)

========================================================================
Received Prepare
Registering precompiled user dll's ...
Registered in 0.007869 seconds.
Begin MonoManager ReloadAssembly
Native extension for WindowsStandalone target not found
Native extension for WebGL target not found
Refreshing native plugins compatible for Editor in 1.17 ms, found 1 plugins.
Preloading 0 native plugins for Editor in 0.00 ms.
Mono: successfully reloaded assembly
- Completed reload, in  1.511 seconds
Platform modules already initialized, skipping
Shader 'Universal Render Pipeline/Particles/Lit': fallback shader 'Universal Render Pipeline/Particles/SimpleLit' not found
Shader 'Universal Render Pipeline/Particles/Lit': fallback shader 'Universal Render Pipeline/Particles/SimpleLit' not found
Refreshing native plugins compatible for Editor in 1.06 ms, found 1 plugins.
Preloading 0 native plugins for Editor in 0.00 ms.
Unloading 4818 Unused Serialized files (Serialized files now loaded: 0)
System memory in use before: 202.2 MB.
System memory in use after: 200.0 MB.

Unloading 45 unused Assets to reduce memory usage. Loaded Objects now: 5451.
Total: 7.926600 ms (FindLiveObjects: 0.905700 ms CreateObjectMapping: 0.392100 ms MarkObjects: 4.782800 ms  DeleteObjects: 1.843200 ms)

========================================================================
Received Prepare
Registering precompiled user dll's ...
Registered in 0.009655 seconds.
Begin MonoManager ReloadAssembly
Native extension for WindowsStandalone target not found
Native extension for WebGL target not found
Refreshing native plugins compatible for Editor in 1.02 ms, found 1 plugins.
Preloading 0 native plugins for Editor in 0.00 ms.
Mono: successfully reloaded assembly
- Completed reload, in  1.619 seconds
Platform modules already initialized, skipping
Shader 'Universal Render Pipeline/Particles/Lit': fallback shader 'Universal Render Pipeline/Particles/SimpleLit' not found
Shader 'Universal Render Pipeline/Particles/Lit': fallback shader 'Universal Render Pipeline/Particles/SimpleLit' not found
Refreshing native plugins compatible for Editor in 1.29 ms, found 1 plugins.
Preloading 0 native plugins for Editor in 0.00 ms.
Unloading 4818 Unused Serialized files (Serialized files now loaded: 0)
System memory in use before: 201.9 MB.
System memory in use after: 199.9 MB.

Unloading 45 unused Assets to reduce memory usage. Loaded Objects now: 5454.
Total: 7.989000 ms (FindLiveObjects: 1.289600 ms CreateObjectMapping: 0.545800 ms MarkObjects: 4.610400 ms  DeleteObjects: 1.540500 ms)

========================================================================
Received Prepare
Registering precompiled user dll's ...
Registered in 0.008721 seconds.
Begin MonoManager ReloadAssembly
Native extension for WindowsStandalone target not found
Native extension for WebGL target not found
Refreshing native plugins compatible for Editor in 1.45 ms, found 1 plugins.
Preloading 0 native plugins for Editor in 0.00 ms.
Mono: successfully reloaded assembly
- Completed reload, in  1.618 seconds
Platform modules already initialized, skipping
Shader 'Universal Render Pipeline/Particles/Lit': fallback shader 'Universal Render Pipeline/Particles/SimpleLit' not found
Shader 'Universal Render Pipeline/Particles/Lit': fallback shader 'Universal Render Pipeline/Particles/SimpleLit' not found
Refreshing native plugins compatible for Editor in 1.05 ms, found 1 plugins.
Preloading 0 native plugins for Editor in 0.00 ms.
Unloading 4818 Unused Serialized files (Serialized files now loaded: 0)
System memory in use before: 202.2 MB.
System memory in use after: 200.1 MB.

Unloading 45 unused Assets to reduce memory usage. Loaded Objects now: 5457.
Total: 5.935200 ms (FindLiveObjects: 0.569500 ms CreateObjectMapping: 0.250800 ms MarkObjects: 3.566500 ms  DeleteObjects: 1.546700 ms)

========================================================================
Received Prepare
Shader 'Universal Render Pipeline/Particles/Lit': fallback shader 'Universal Render Pipeline/Particles/SimpleLit' not found
Shader 'Universal Render Pipeline/Particles/Lit': fallback shader 'Universal Render Pipeline/Particles/SimpleLit' not found
Refreshing native plugins compatible for Editor in 4.99 ms, found 1 plugins.
Preloading 0 native plugins for Editor in 0.00 ms.
Unloading 43 Unused Serialized files (Serialized files now loaded: 0)
System memory in use before: 107.7 MB.
System memory in use after: 105.6 MB.

Unloading 43 unused Assets to reduce memory usage. Loaded Objects now: 5457.
Total: 6.053200 ms (FindLiveObjects: 0.537100 ms CreateObjectMapping: 0.251200 ms MarkObjects: 3.723900 ms  DeleteObjects: 1.538400 ms)

AssetImportWorkerClient::OnTransportError - code=2 error=End of file
